[DEBUG]: Popen(['git', 'version'], cwd=/home/jlove/projects/ro_crate_mt_ingestions, stdin=None, shell=False, universal_newlines=False)
[DEBUG]: Popen(['git', 'version'], cwd=/home/jlove/projects/ro_crate_mt_ingestions, stdin=None, shell=False, universal_newlines=False)
[DEBUG]: current authentication is username='jlov034' api_key='99c89360-9222-11ee-b9d1-0242ac120002'
[DEBUG]: Starting new HTTPS connection (1): test-instruments.nectar.auckland.ac.nz:443
[DEBUG]: https://test-instruments.nectar.auckland.ac.nz:443 "GET /api/v1/schema/?namespace=http://print.lab.mockup/project/v1 HTTP/1.1" 200 2259
[DEBUG]: current authentication is username='jlov034' api_key='99c89360-9222-11ee-b9d1-0242ac120002'
[DEBUG]: https://test-instruments.nectar.auckland.ac.nz:443 "GET /api/v1/schema/?namespace=http://print.lab.mockup/experiment/as_sample/v1 HTTP/1.1" 200 9131
[DEBUG]: current authentication is username='jlov034' api_key='99c89360-9222-11ee-b9d1-0242ac120002'
[DEBUG]: https://test-instruments.nectar.auckland.ac.nz:443 "GET /api/v1/schema/?namespace=http://print.lab.mockup/dataset/as_sample/v1 HTTP/1.1" 200 2218
[DEBUG]: current authentication is username='jlov034' api_key='99c89360-9222-11ee-b9d1-0242ac120002'
[DEBUG]: https://test-instruments.nectar.auckland.ac.nz:443 "GET /api/v1/schema/?namespace=http://print.lab.mockup/datafile/as_sample/v1 HTTP/1.1" 200 1350
[DEBUG]: 60976: /usr/bin/gpg --status-fd 2 --no-tty --no-verbose --fixed-list-mode --batch --with-colons --quiet --yes --compress-algo=none --no-encrypt-to --batch --use-agent --list-config --with-colons
[DEBUG]: stderr reader: <Thread(Thread-1 (_read_response), initial daemon)>
[DEBUG]: stdout reader: <Thread(Thread-2 (_read_data), initial daemon)>
[DEBUG]: 60979: /usr/bin/gpg --status-fd 2 --no-tty --no-verbose --fixed-list-mode --batch --with-colons --quiet --yes --compress-algo=none --no-encrypt-to --batch --use-agent --decrypt
[DEBUG]: data copier: <Thread(Thread-3 (_copy_data), initial daemon)>, <_io.BufferedReader name='/home/jlove/.password-store/LDAP/admin_name.gpg'>, <_io.BufferedWriter name=8>
[DEBUG]: closed output, 0 bytes sent
[DEBUG]: stderr reader: <Thread(Thread-4 (_read_response), initial daemon)>
[DEBUG]: stdout reader: <Thread(Thread-5 (_read_data), initial daemon)>
[DEBUG]: [GNUPG:] NODATA 2
[DEBUG]: [GNUPG:] FAILURE decrypt 4294967295
[DEBUG]: gpg: decrypt_message failed: Unknown system error
[WARNING]: gpg returned a non-zero error code: 2
[DEBUG]: decrypt result[:100]: b''
[DEBUG]: 60983: /usr/bin/gpg --status-fd 2 --no-tty --no-verbose --fixed-list-mode --batch --with-colons --quiet --yes --compress-algo=none --no-encrypt-to --batch --use-agent --list-config --with-colons
[DEBUG]: stderr reader: <Thread(Thread-6 (_read_response), initial daemon)>
[DEBUG]: stdout reader: <Thread(Thread-7 (_read_data), initial daemon)>
[DEBUG]: 60986: /usr/bin/gpg --status-fd 2 --no-tty --no-verbose --fixed-list-mode --batch --with-colons --quiet --yes --compress-algo=none --no-encrypt-to --batch --use-agent --decrypt
[DEBUG]: data copier: <Thread(Thread-8 (_copy_data), initial daemon)>, <_io.BufferedReader name='/home/jlove/.password-store/LDAP/admin_password.gpg'>, <_io.BufferedWriter name=8>
[DEBUG]: closed output, 0 bytes sent
[DEBUG]: stderr reader: <Thread(Thread-9 (_read_response), initial daemon)>
[DEBUG]: stdout reader: <Thread(Thread-10 (_read_data), initial daemon)>
[DEBUG]: [GNUPG:] NODATA 2
[DEBUG]: [GNUPG:] FAILURE decrypt 4294967295
[DEBUG]: gpg: decrypt_message failed: Unknown system error
[WARNING]: gpg returned a non-zero error code: 2
[DEBUG]: decrypt result[:100]: b''
[WARNING]: No one with cn: Jlov034 has been found in the LDAP
[WARNING]: Could not find person Jlov034 in active directory, data not filled
[DEBUG]: 60990: /usr/bin/gpg --status-fd 2 --no-tty --no-verbose --fixed-list-mode --batch --with-colons --quiet --yes --compress-algo=none --no-encrypt-to --batch --use-agent --list-config --with-colons
[DEBUG]: stderr reader: <Thread(Thread-11 (_read_response), initial daemon)>
[DEBUG]: stdout reader: <Thread(Thread-12 (_read_data), initial daemon)>
[DEBUG]: 60993: /usr/bin/gpg --status-fd 2 --no-tty --no-verbose --fixed-list-mode --batch --with-colons --quiet --yes --compress-algo=none --no-encrypt-to --batch --use-agent --decrypt
[DEBUG]: data copier: <Thread(Thread-13 (_copy_data), initial daemon)>, <_io.BufferedReader name='/home/jlove/.password-store/LDAP/admin_name.gpg'>, <_io.BufferedWriter name=8>
[DEBUG]: closed output, 0 bytes sent
[DEBUG]: stderr reader: <Thread(Thread-14 (_read_response), initial daemon)>
[DEBUG]: stdout reader: <Thread(Thread-15 (_read_data), initial daemon)>
[DEBUG]: [GNUPG:] NODATA 2
[DEBUG]: [GNUPG:] FAILURE decrypt 4294967295
[DEBUG]: gpg: decrypt_message failed: Unknown system error
[WARNING]: gpg returned a non-zero error code: 2
[DEBUG]: decrypt result[:100]: b''
[DEBUG]: 60997: /usr/bin/gpg --status-fd 2 --no-tty --no-verbose --fixed-list-mode --batch --with-colons --quiet --yes --compress-algo=none --no-encrypt-to --batch --use-agent --list-config --with-colons
[DEBUG]: stderr reader: <Thread(Thread-16 (_read_response), initial daemon)>
[DEBUG]: stdout reader: <Thread(Thread-17 (_read_data), initial daemon)>
[DEBUG]: 61000: /usr/bin/gpg --status-fd 2 --no-tty --no-verbose --fixed-list-mode --batch --with-colons --quiet --yes --compress-algo=none --no-encrypt-to --batch --use-agent --decrypt
[DEBUG]: data copier: <Thread(Thread-18 (_copy_data), initial daemon)>, <_io.BufferedReader name='/home/jlove/.password-store/LDAP/admin_password.gpg'>, <_io.BufferedWriter name=8>
[DEBUG]: stderr reader: <Thread(Thread-19 (_read_response), initial daemon)>
[DEBUG]: closed output, 0 bytes sent
[DEBUG]: stdout reader: <Thread(Thread-20 (_read_data), initial daemon)>
[DEBUG]: [GNUPG:] NODATA 2
[DEBUG]: [GNUPG:] FAILURE decrypt 4294967295
[DEBUG]: gpg: decrypt_message failed: Unknown system error
[WARNING]: gpg returned a non-zero error code: 2
[DEBUG]: decrypt result[:100]: b''
[WARNING]: No one with cn: Jlov034 has been found in the LDAP
[WARNING]: Could not find person Jlov034 in active directory, data not filled
[DEBUG]: outputting crate BAM
[DEBUG]: Updating root dataset
[DEBUG]: outputting crate BAM/qc
[DEBUG]: Updating root dataset
[DEBUG]: outputting crate VCF
[DEBUG]: Updating root dataset
